Determining if the pthread_create exist failed with the following output:
Change Dir: /home/zh/UG/build/CMakeFiles/CMakeTmp

Run Build Command:"/usr/bin/make" "cmTC_facb5/fast"
/usr/bin/make -f CMakeFiles/cmTC_facb5.dir/build.make CMakeFiles/cmTC_facb5.dir/build
make[1]: Entering directory '/home/zh/UG/build/CMakeFiles/CMakeTmp'
Building C object CMakeFiles/cmTC_facb5.dir/CheckSymbolExists.c.o
/usr/bin/gcc-5   -fPIC    -o CMakeFiles/cmTC_facb5.dir/CheckSymbolExists.c.o   -c /home/zh/UG/build/CMakeFiles/CMakeTmp/CheckSymbolExists.c
Linking C executable cmTC_facb5
/usr/local/bin/cmake -E cmake_link_script CMakeFiles/cmTC_facb5.dir/link.txt --verbose=1
/usr/bin/gcc-5 -fPIC     CMakeFiles/cmTC_facb5.dir/CheckSymbolExists.c.o  -o cmTC_facb5 
CMakeFiles/cmTC_facb5.dir/CheckSymbolExists.c.o: In function `main':
CheckSymbolExists.c:(.text+0x1b): undefined reference to `pthread_create'
collect2: error: ld returned 1 exit status
CMakeFiles/cmTC_facb5.dir/build.make:86: recipe for target 'cmTC_facb5' failed
make[1]: *** [cmTC_facb5] Error 1
make[1]: Leaving directory '/home/zh/UG/build/CMakeFiles/CMakeTmp'
Makefile:121: recipe for target 'cmTC_facb5/fast' failed
make: *** [cmTC_facb5/fast] Error 2

File /home/zh/UG/build/CMakeFiles/CMakeTmp/CheckSymbolExists.c:
/* */
#include <pthread.h>

int main(int argc, char** argv)
{
  (void)argv;
#ifndef pthread_create
  return ((int*)(&pthread_create))[argc];
#else
  (void)argc;
  return 0;
#endif
}

Determining if the function pthread_create exists in the pthreads failed with the following output:
Change Dir: /home/zh/UG/build/CMakeFiles/CMakeTmp

Run Build Command:"/usr/bin/make" "cmTC_bedfd/fast"
/usr/bin/make -f CMakeFiles/cmTC_bedfd.dir/build.make CMakeFiles/cmTC_bedfd.dir/build
make[1]: Entering directory '/home/zh/UG/build/CMakeFiles/CMakeTmp'
Building C object CMakeFiles/cmTC_bedfd.dir/CheckFunctionExists.c.o
/usr/bin/gcc-5   -fPIC -DCHECK_FUNCTION_EXISTS=pthread_create   -o CMakeFiles/cmTC_bedfd.dir/CheckFunctionExists.c.o   -c /usr/local/share/cmake-3.12/Modules/CheckFunctionExists.c
Linking C executable cmTC_bedfd
/usr/local/bin/cmake -E cmake_link_script CMakeFiles/cmTC_bedfd.dir/link.txt --verbose=1
/usr/bin/gcc-5 -fPIC -DCHECK_FUNCTION_EXISTS=pthread_create    CMakeFiles/cmTC_bedfd.dir/CheckFunctionExists.c.o  -o cmTC_bedfd -lpthreads 
/usr/bin/ld: cannot find -lpthreads
collect2: error: ld returned 1 exit status
CMakeFiles/cmTC_bedfd.dir/build.make:86: recipe for target 'cmTC_bedfd' failed
make[1]: *** [cmTC_bedfd] Error 1
make[1]: Leaving directory '/home/zh/UG/build/CMakeFiles/CMakeTmp'
Makefile:121: recipe for target 'cmTC_bedfd/fast' failed
make: *** [cmTC_bedfd/fast] Error 2


Performing C SOURCE FILE Test CMAKE_HAVE_LIBC_PTHREAD failed with the following output:
Change Dir: /home/zh/UG/build/CMakeFiles/CMakeTmp

Run Build Command(s):/usr/bin/make cmTC_7193d/fast && make[1]: Entering directory '/home/zh/UG/build/CMakeFiles/CMakeTmp'
/usr/bin/make -f CMakeFiles/cmTC_7193d.dir/build.make CMakeFiles/cmTC_7193d.dir/build
make[2]: Entering directory '/home/zh/UG/build/CMakeFiles/CMakeTmp'
Building C object CMakeFiles/cmTC_7193d.dir/src.c.o
/usr/bin/gcc-5   -fPIC -DCMAKE_HAVE_LIBC_PTHREAD   -o CMakeFiles/cmTC_7193d.dir/src.c.o   -c /home/zh/UG/build/CMakeFiles/CMakeTmp/src.c
Linking C executable cmTC_7193d
/usr/local/bin/cmake -E cmake_link_script CMakeFiles/cmTC_7193d.dir/link.txt --verbose=1
/usr/bin/gcc-5 -fPIC -DCMAKE_HAVE_LIBC_PTHREAD    CMakeFiles/cmTC_7193d.dir/src.c.o  -o cmTC_7193d 
CMakeFiles/cmTC_7193d.dir/src.c.o: In function `main':
src.c:(.text+0x3e): undefined reference to `pthread_create'
src.c:(.text+0x4a): undefined reference to `pthread_detach'
src.c:(.text+0x5b): undefined reference to `pthread_join'
src.c:(.text+0x6f): undefined reference to `pthread_atfork'
collect2: error: ld returned 1 exit status
CMakeFiles/cmTC_7193d.dir/build.make:86: recipe for target 'cmTC_7193d' failed
make[2]: *** [cmTC_7193d] Error 1
make[2]: Leaving directory '/home/zh/UG/build/CMakeFiles/CMakeTmp'
Makefile:121: recipe for target 'cmTC_7193d/fast' failed
make[1]: *** [cmTC_7193d/fast] Error 2
make[1]: Leaving directory '/home/zh/UG/build/CMakeFiles/CMakeTmp'


Source file was:
#include <pthread.h>

void* test_func(void* data)
{
  return data;
}

int main(void)
{
  pthread_t thread;
  pthread_create(&thread, NULL, test_func, NULL);
  pthread_detach(thread);
  pthread_join(thread, NULL);
  pthread_atfork(NULL, NULL, NULL);
  pthread_exit(NULL);

  return 0;
}

